La génération a démarré 08/06/2012 11:11:45.
     1>Projet "C:\Users\apre.CORP\Dropbox\devel\png2c\contrib\vs10\png2c\png2c.vcxproj" sur le nœud 2 (build cible(s)).
     1>C:\Program Files (x86)\MSBuild\Microsoft.Cpp\v4.0\Microsoft.CppBuild.targets(299,5): warning MSB8004: Le répertoire Output ne se termine pas par une barre oblique finale.  Cette instance de build ajoutera une barre oblique, comme requis, pour permettre l'évaluation correcte du répertoire Output.
     1>InitializeBuildStatus:
         Création de "Debug\png2c.unsuccessfulbuild", car "AlwaysCreate" a été spécifié.
       ClCompile:
         C:\Program Files (x86)\Microsoft Visual Studio 10.0\VC\bin\CL.exe /c /I"..\..\zlib-1.2.7\\" /I..\..\lpng1510 /ZI /nologo /W3 /WX- /Od /Oy- /D WIN32 /D _DEBUG /D _CONSOLE /D _MBCS /Gm /EHsc /RTC1 /MDd /GS /Gy- /fp:precise /Zc:wchar_t /Zc:forScope /Fo"Debug\\" /Fd"Debug\vc100.pdb" /Gd /TC /analyze- /errorReport:prompt ..\..\..\png2c.c
         png2c.c
     1>c:\users\apre.corp\dropbox\devel\png2c\png2c.c(117): warning C4996: 'fopen': This function or variable may be unsafe. Consider using fopen_s instead. To disable deprecation, use _CRT_SECURE_NO_WARNINGS. See online help for details.
                 c:\program files (x86)\microsoft visual studio 10.0\vc\include\stdio.h(234) : voir la déclaration de 'fopen'
     1>c:\users\apre.corp\dropbox\devel\png2c\png2c.c(113): warning C4101: 'my_background' : variable locale non référencée
     1>c:\users\apre.corp\dropbox\devel\png2c\png2c.c(114): warning C4101: 'image_background' : variable locale non référencée
     1>c:\users\apre.corp\dropbox\devel\png2c\png2c.c(209): warning C4996: 'fopen': This function or variable may be unsafe. Consider using fopen_s instead. To disable deprecation, use _CRT_SECURE_NO_WARNINGS. See online help for details.
                 c:\program files (x86)\microsoft visual studio 10.0\vc\include\stdio.h(234) : voir la déclaration de 'fopen'
     1>c:\users\apre.corp\dropbox\devel\png2c\png2c.c(340): warning C4244: '=' : conversion de 'float' en 'png_byte', perte possible de données
     1>c:\users\apre.corp\dropbox\devel\png2c\png2c.c(341): warning C4244: '=' : conversion de 'float' en 'png_byte', perte possible de données
     1>c:\users\apre.corp\dropbox\devel\png2c\png2c.c(342): warning C4244: '=' : conversion de 'float' en 'png_byte', perte possible de données
     1>c:\users\apre.corp\dropbox\devel\png2c\png2c.c(344): warning C4244: '=' : conversion de 'float' en 'png_byte', perte possible de données
     1>c:\users\apre.corp\dropbox\devel\png2c\png2c.c(386): warning C4996: 'fopen': This function or variable may be unsafe. Consider using fopen_s instead. To disable deprecation, use _CRT_SECURE_NO_WARNINGS. See online help for details.
                 c:\program files (x86)\microsoft visual studio 10.0\vc\include\stdio.h(234) : voir la déclaration de 'fopen'
     1>c:\users\apre.corp\dropbox\devel\png2c\png2c.c(413): warning C4996: 'fopen': This function or variable may be unsafe. Consider using fopen_s instead. To disable deprecation, use _CRT_SECURE_NO_WARNINGS. See online help for details.
                 c:\program files (x86)\microsoft visual studio 10.0\vc\include\stdio.h(234) : voir la déclaration de 'fopen'
     1>c:\users\apre.corp\dropbox\devel\png2c\png2c.c(358): warning C4101: 'my_background' : variable locale non référencée
     1>c:\users\apre.corp\dropbox\devel\png2c\png2c.c(358): warning C4101: 'image_background' : variable locale non référencée
     1>c:\users\apre.corp\dropbox\devel\png2c\png2c.c(561): warning C4996: 'strcpy': This function or variable may be unsafe. Consider using strcpy_s instead. To disable deprecation, use _CRT_SECURE_NO_WARNINGS. See online help for details.
                 c:\program files (x86)\microsoft visual studio 10.0\vc\include\string.h(105) : voir la déclaration de 'strcpy'
     1>c:\users\apre.corp\dropbox\devel\png2c\png2c.c(594): warning C4996: 'strncat': This function or variable may be unsafe. Consider using strncat_s instead. To disable deprecation, use _CRT_SECURE_NO_WARNINGS. See online help for details.
                 c:\program files (x86)\microsoft visual studio 10.0\vc\include\string.h(175) : voir la déclaration de 'strncat'
     1>c:\users\apre.corp\dropbox\devel\png2c\png2c.c(595): warning C4996: 'strncat': This function or variable may be unsafe. Consider using strncat_s instead. To disable deprecation, use _CRT_SECURE_NO_WARNINGS. See online help for details.
                 c:\program files (x86)\microsoft visual studio 10.0\vc\include\string.h(175) : voir la déclaration de 'strncat'
     1>c:\users\apre.corp\dropbox\devel\png2c\png2c.c(598): warning C4996: 'strncat': This function or variable may be unsafe. Consider using strncat_s instead. To disable deprecation, use _CRT_SECURE_NO_WARNINGS. See online help for details.
                 c:\program files (x86)\microsoft visual studio 10.0\vc\include\string.h(175) : voir la déclaration de 'strncat'
     1>c:\users\apre.corp\dropbox\devel\png2c\png2c.c(599): warning C4996: 'strncat': This function or variable may be unsafe. Consider using strncat_s instead. To disable deprecation, use _CRT_SECURE_NO_WARNINGS. See online help for details.
                 c:\program files (x86)\microsoft visual studio 10.0\vc\include\string.h(175) : voir la déclaration de 'strncat'
       ManifestResourceCompile:
         Toutes les sorties sont à jour.
       Link:
         C:\Program Files (x86)\Microsoft Visual Studio 10.0\VC\bin\link.exe /ERRORREPORT:PROMPT /OUT:"C:\Users\apre.CORP\Dropbox\devel\png2c\contrib\vs10\png2c\Debug\png2c.exe" /INCREMENTAL /NOLOGO /LIBPATH:"..\..\lpng1510\projects\vstudio\Debug Library" odbc32.lib odbccp32.lib libpng15.lib zlib.lib kernel32.lib user32.lib gdi32.lib winspool.lib comdlg32.lib advapi32.lib shell32.lib ole32.lib oleaut32.lib uuid.lib odbc32.lib odbccp32.lib kernel32.lib user32.lib gdi32.lib winspool.lib comdlg32.lib advapi32.lib shell32.lib ole32.lib oleaut32.lib uuid.lib odbc32.lib odbccp32.lib /MANIFEST /ManifestFile:"Debug\png2c.exe.intermediate.manifest" /MANIFESTUAC:"level='asInvoker' uiAccess='false'" /DEBUG /PDB:"C:\Users\apre.CORP\Dropbox\devel\png2c\contrib\vs10\png2c\Debug\png2c.pdb" /SUBSYSTEM:CONSOLE /TLBID:1 /DYNAMICBASE /NXCOMPAT /IMPLIB:"C:\Users\apre.CORP\Dropbox\devel\png2c\contrib\vs10\png2c\Debug\png2c.lib" /MACHINE:X86 Debug\png2c.exe.embed.manifest.res
         Debug\png2c.obj
       Manifest:
         C:\Program Files (x86)\Microsoft SDKs\Windows\v7.0A\bin\mt.exe /nologo /verbose /out:"Debug\png2c.exe.embed.manifest" /manifest Debug\png2c.exe.intermediate.manifest
         Toutes les sorties sont à jour.
       LinkEmbedManifest:
         Toutes les sorties sont à jour.
         png2c.vcxproj -> C:\Users\apre.CORP\Dropbox\devel\png2c\contrib\vs10\png2c\Debug\png2c.exe
       FinalizeBuildStatus:
         Suppression du fichier "Debug\png2c.unsuccessfulbuild".
         Mise à jour de l'horodatage "Debug\png2c.lastbuildstate".
     1>Génération du projet "C:\Users\apre.CORP\Dropbox\devel\png2c\contrib\vs10\png2c\png2c.vcxproj" terminée (build cible(s)).

La génération a réussi.

Temps écoulé 00:00:00.93
